<?xml version="1.0" encoding="UTF-8"?>
<!-- Generated by org.testng.reporters.JUnitReportReporter -->
<testsuite skipped="0" hostname="DESKTOP-7G97FLI" name="SeleniumE2E.HomePage" tests="2" failures="0" timestamp="2020-06-10T14:24:41 IST" time="31.103" errors="0">
  <testcase name="basePageNavigation" time="18.609" classname="SeleniumE2E.HomePage"/>
  <system-out/>
  <testcase name="basePageNavigation" time="12.494" classname="SeleniumE2E.HomePage"/>
  <system-out/>
</testsuite> <!-- SeleniumE2E.HomePage -->
