<?xml version="1.0" encoding="UTF-8"?>
<!-- Generated by org.testng.reporters.JUnitReportReporter -->
<testsuite skipped="1" hostname="DESKTOP-7G97FLI" name="SeleniumE2E.Globaling" tests="2" failures="0" timestamp="2020-06-10T13:15:57 IST" time="0.017" errors="1">
  <testcase name="initlization" time="0.017" classname="SeleniumE2E.Globaling">
    <error type="java.io.FileNotFoundException" message="null\src\main\java\resources\data.properties (The system cannot find the path specified)">
      <![CDATA[java.io.FileNotFoundException: null\src\main\java\resources\data.properties (The system cannot find the path specified)
at java.io.FileInputStream.open0(Native Method)
at java.io.FileInputStream.open(Unknown Source)
at java.io.FileInputStream.<init>(Unknown Source)
at java.io.FileInputStream.<init>(Unknown Source)
at resources.BaseFile.initlizeDriver(BaseFile.java:24)
at SeleniumE2E.Globaling.initlization(Globaling.java:26)
at sun.reflect.NativeMethodAccessorImpl.invoke0(Native Method)
at sun.reflect.NativeMethodAccessorImpl.invoke(Unknown Source)
at sun.reflect.DelegatingMethodAccessorImpl.invoke(Unknown Source)
at java.lang.reflect.Method.invoke(Unknown Source)
at org.testng.internal.MethodInvocationHelper.invokeMethod(MethodInvocationHelper.java:134)
at org.testng.internal.MethodInvocationHelper.invokeMethodConsideringTimeout(MethodInvocationHelper.java:63)
at org.testng.internal.ConfigInvoker.invokeConfigurationMethod(ConfigInvoker.java:348)
at org.testng.internal.ConfigInvoker.invokeConfigurations(ConfigInvoker.java:302)
at org.testng.TestRunner.invokeTestConfigurations(TestRunner.java:619)
at org.testng.TestRunner.beforeRun(TestRunner.java:609)
at org.testng.TestRunner.run(TestRunner.java:580)
at org.testng.SuiteRunner.runTest(SuiteRunner.java:384)
at org.testng.SuiteRunner.access$000(SuiteRunner.java:28)
at org.testng.SuiteRunner$SuiteWorker.run(SuiteRunner.java:425)
at org.testng.internal.thread.ThreadUtil.lambda$execute$0(ThreadUtil.java:68)
at java.util.concurrent.FutureTask.run(Unknown Source)
at java.util.concurrent.ThreadPoolExecutor.runWorker(Unknown Source)
at java.util.concurrent.ThreadPoolExecutor$Worker.run(Unknown Source)
at java.lang.Thread.run(Unknown Source)
]]>
    </error>
  </testcase> <!-- initlization -->
  <system-out/>
  <testcase name="basePageNavigation" time="0.000" classname="SeleniumE2E.Globaling">
    <skipped/>
  </testcase> <!-- basePageNavigation -->
  <system-out/>
</testsuite> <!-- SeleniumE2E.Globaling -->
