<?xml version="1.0" encoding="UTF-8"?>
<!-- Generated by org.testng.reporters.JUnitReportReporter -->
<testsuite skipped="0" hostname="DESKTOP-7G97FLI" name="SeleniumE2E.Globaling" tests="1" failures="0" timestamp="2020-06-06T11:28:28 IST" time="12.653" errors="0">
  <testcase name="basePageNavigation" time="12.653" classname="SeleniumE2E.Globaling"/>
  <system-out/>
</testsuite> <!-- SeleniumE2E.Globaling -->
