<?xml version="1.0" encoding="UTF-8"?>
<!-- Generated by org.testng.reporters.JUnitReportReporter -->
<testsuite skipped="0" hostname="DESKTOP-7G97FLI" name="SeleniumE2E.HomePage" tests="2" failures="0" timestamp="2020-06-08T19:29:32 IST" time="26.695" errors="0">
  <testcase name="basePageNavigation" time="16.475" classname="SeleniumE2E.HomePage"/>
  <system-out/>
  <testcase name="basePageNavigation" time="10.220" classname="SeleniumE2E.HomePage"/>
  <system-out/>
</testsuite> <!-- SeleniumE2E.HomePage -->
