<?xml version="1.0" encoding="UTF-8"?>
<!-- Generated by org.testng.reporters.JUnitReportReporter -->
<testsuite skipped="0" hostname="DESKTOP-7G97FLI" name="SeleniumE2E.HomePage" tests="1" failures="0" timestamp="2020-06-04T12:31:40 IST" time="21.111" errors="0">
  <testcase name="basePageNavigation" time="21.111" classname="SeleniumE2E.HomePage"/>
  <system-out/>
</testsuite> <!-- SeleniumE2E.HomePage -->
